<?xml version="1.0" encoding="UTF-8"?>
<!-- Generated by org.testng.reporters.JUnitReportReporter -->
<testsuite hostname="C858LCOK" failures="0" tests="1" name="BookTests.Tests" time="2.692" errors="0" timestamp="2022-10-19T11:27:29 IST" skipped="0">
  <testcase classname="BookTests.Tests" name="kindValidationTest" time="2.692"/>
  <system-out/>
</testsuite> <!-- BookTests.Tests -->
