<?xml version="1.0" encoding="UTF-8"?>
<!-- Generated by org.testng.reporters.JUnitReportReporter -->
<testsuite hostname="C858LCOK" failures="0" tests="1" name="cucumber.TestNGTestRunner" time="2.560" errors="0" timestamp="2022-10-19T12:28:28 IST" skipped="0">
  <testcase classname="cucumber.TestNGTestRunner" name="runScenario" time="2.560"/>
  <system-out/>
</testsuite> <!-- cucumber.TestNGTestRunner -->
