<?xml version="1.0" encoding="UTF-8"?>
<!-- Generated by org.testng.reporters.JUnitReportReporter -->
<testsuite hostname="C858LCOK" failures="0" tests="1" name="cucumber.TstNGTestRunner$TestNGTestRunner" time="2.645" errors="0" timestamp="2022-10-19T11:49:38 IST" skipped="0">
  <testcase classname="cucumber.TstNGTestRunner$TestNGTestRunner" name="runScenario" time="2.645"/>
  <system-out/>
</testsuite> <!-- cucumber.TstNGTestRunner$TestNGTestRunner -->
